2024-01-08 20:13:06,896 p=481602 u=root n=ansible |   hosts (2):
2024-01-08 20:13:06,896 p=481602 u=root n=ansible |     vps3
2024-01-08 20:13:06,896 p=481602 u=root n=ansible |     192.168.0.90
2024-01-08 20:13:30,534 p=481664 u=root n=ansible |   hosts (2):
2024-01-08 20:13:30,534 p=481664 u=root n=ansible |     vps3
2024-01-08 20:13:30,534 p=481664 u=root n=ansible |     192.168.0.90
2024-01-08 20:20:04,407 p=482234 u=root n=ansible | PLAY [Install vps3 server] ***********************************************************************************************************************************************************************************
2024-01-08 20:20:04,413 p=482234 u=root n=ansible | TASK [Gathering Facts] ***************************************************************************************************************************************************************************************
2024-01-08 20:20:11,276 p=482234 u=root n=ansible | ok: [vps3]
2024-01-08 20:20:11,285 p=482234 u=root n=ansible | TASK [first : include_tasks] *********************************************************************************************************************************************************************************
2024-01-08 20:20:11,305 p=482234 u=root n=ansible | included: /app/ansible/first/tasks/default_settings.yml for vps3
2024-01-08 20:20:11,310 p=482234 u=root n=ansible | TASK [first : Set hostname] **********************************************************************************************************************************************************************************
2024-01-08 20:20:11,330 p=482234 u=root n=ansible | skipping: [vps3]
2024-01-08 20:20:11,334 p=482234 u=root n=ansible | TASK [first : Set locale settings] ***************************************************************************************************************************************************************************
2024-01-08 20:20:11,354 p=482234 u=root n=ansible | skipping: [vps3]
2024-01-08 20:20:11,359 p=482234 u=root n=ansible | TASK [first : Set timezone] **********************************************************************************************************************************************************************************
2024-01-08 20:20:15,003 p=482234 u=root n=ansible | ok: [vps3]
2024-01-08 20:20:15,008 p=482234 u=root n=ansible | TASK [first : include_tasks] *********************************************************************************************************************************************************************************
2024-01-08 20:20:15,019 p=482234 u=root n=ansible | included: /app/ansible/first/tasks/default_install.yml for vps3
2024-01-08 20:20:15,025 p=482234 u=root n=ansible | TASK [first : Install default packages] **********************************************************************************************************************************************************************
2024-01-08 20:20:19,578 p=482234 u=root n=ansible | ok: [vps3]
2024-01-08 20:20:19,583 p=482234 u=root n=ansible | TASK [docker : include_tasks] ********************************************************************************************************************************************************************************
2024-01-08 20:20:19,597 p=482234 u=root n=ansible | included: /app/ansible/docker/tasks/docker_install.yml for vps3
2024-01-08 20:20:19,602 p=482234 u=root n=ansible | TASK [docker : Add Docker apt key] ***************************************************************************************************************************************************************************
2024-01-08 20:20:23,763 p=482234 u=root n=ansible | ok: [vps3]
2024-01-08 20:20:23,768 p=482234 u=root n=ansible | TASK [docker : Add Docker repository] ************************************************************************************************************************************************************************
2024-01-08 20:20:27,440 p=482234 u=root n=ansible | ok: [vps3]
2024-01-08 20:20:27,445 p=482234 u=root n=ansible | TASK [docker : Install Docker packages] **********************************************************************************************************************************************************************
2024-01-08 20:20:31,586 p=482234 u=root n=ansible | ok: [vps3]
2024-01-08 20:20:31,591 p=482234 u=root n=ansible | TASK [docker : Ensure Docker is started and enabled at boot] *************************************************************************************************************************************************
2024-01-08 20:20:35,524 p=482234 u=root n=ansible | ok: [vps3]
2024-01-08 20:20:35,528 p=482234 u=root n=ansible | TASK [docker : Install Docker Compose] ***********************************************************************************************************************************************************************
2024-01-08 20:20:39,787 p=482234 u=root n=ansible | ok: [vps3]
2024-01-08 20:20:39,796 p=482234 u=root n=ansible | PLAY RECAP ***************************************************************************************************************************************************************************************************
2024-01-08 20:20:39,797 p=482234 u=root n=ansible | vps3                       : ok=11   changed=0    unreachable=0    failed=0    skipped=2    rescued=0    ignored=0   
2024-01-08 20:25:18,671 p=482835 u=root n=ansible | # /root/.ansible/roles
2024-01-08 20:25:18,674 p=482835 u=root n=ansible | - geerlingguy.docker, 7.0.2
2024-01-08 20:25:18,675 p=482835 u=root n=ansible | [WARNING]: - the configured path /usr/share/ansible/roles does not exist.

2024-01-08 20:25:18,675 p=482835 u=root n=ansible | [WARNING]: - the configured path /etc/ansible/roles does not exist.

2024-01-08 20:27:17,779 p=482991 u=root n=ansible | # /root/.ansible/roles
2024-01-08 20:27:17,783 p=482991 u=root n=ansible | - geerlingguy.docker, 7.0.2
2024-01-08 20:27:17,783 p=482991 u=root n=ansible | [WARNING]: - the configured path /usr/share/ansible/roles does not exist.

2024-01-08 20:27:17,783 p=482991 u=root n=ansible | [WARNING]: - the configured path /etc/ansible/roles does not exist.

2024-01-08 20:27:36,598 p=483054 u=root n=ansible | # /root/.ansible/roles
2024-01-08 20:27:36,601 p=483054 u=root n=ansible | - geerlingguy.docker, 7.0.2
2024-01-08 20:27:36,601 p=483054 u=root n=ansible | # /etc/ansible/roles
2024-01-08 20:27:36,603 p=483054 u=root n=ansible | - docker, (unknown version)
2024-01-08 20:27:36,605 p=483054 u=root n=ansible | - first, (unknown version)
2024-01-08 20:27:36,605 p=483054 u=root n=ansible | [WARNING]: - the configured path /usr/share/ansible/roles does not exist.

2024-01-08 20:28:21,246 p=483120 u=root n=ansible | # /usr/lib/python3/dist-packages/ansible_collections
Collection                Version
------------------------- -------

2024-01-08 20:28:21,246 p=483120 u=root n=ansible | amazon.aws                1.4.0  
2024-01-08 20:28:21,246 p=483120 u=root n=ansible | ansible.netcommon         1.5.0  
2024-01-08 20:28:21,246 p=483120 u=root n=ansible | ansible.posix             1.1.1  
2024-01-08 20:28:21,246 p=483120 u=root n=ansible | ansible.windows           1.4.0  
2024-01-08 20:28:21,247 p=483120 u=root n=ansible | arista.eos                1.3.0  
2024-01-08 20:28:21,247 p=483120 u=root n=ansible | awx.awx                   14.1.0 
2024-01-08 20:28:21,247 p=483120 u=root n=ansible | azure.azcollection        1.4.0  
2024-01-08 20:28:21,247 p=483120 u=root n=ansible | check_point.mgmt          1.0.6  
2024-01-08 20:28:21,247 p=483120 u=root n=ansible | chocolatey.chocolatey     1.0.2  
2024-01-08 20:28:21,247 p=483120 u=root n=ansible | cisco.aci                 1.1.1  
2024-01-08 20:28:21,247 p=483120 u=root n=ansible | cisco.asa                 1.0.4  
2024-01-08 20:28:21,247 p=483120 u=root n=ansible | cisco.intersight          1.0.10 
2024-01-08 20:28:21,247 p=483120 u=root n=ansible | cisco.ios                 1.3.0  
2024-01-08 20:28:21,247 p=483120 u=root n=ansible | cisco.iosxr               1.2.1  
2024-01-08 20:28:21,247 p=483120 u=root n=ansible | cisco.meraki              2.2.0  
2024-01-08 20:28:21,247 p=483120 u=root n=ansible | cisco.mso                 1.1.0  
2024-01-08 20:28:21,247 p=483120 u=root n=ansible | cisco.nso                 1.0.3  
2024-01-08 20:28:21,248 p=483120 u=root n=ansible | cisco.nxos                1.4.0  
2024-01-08 20:28:21,248 p=483120 u=root n=ansible | cisco.ucs                 1.6.0  
2024-01-08 20:28:21,248 p=483120 u=root n=ansible | cloudscale_ch.cloud       1.3.1  
2024-01-08 20:28:21,248 p=483120 u=root n=ansible | community.aws             1.3.0  
2024-01-08 20:28:21,248 p=483120 u=root n=ansible | community.azure           1.0.0  
2024-01-08 20:28:21,248 p=483120 u=root n=ansible | community.crypto          1.4.0  
2024-01-08 20:28:21,248 p=483120 u=root n=ansible | community.digitalocean    1.0.0  
2024-01-08 20:28:21,248 p=483120 u=root n=ansible | community.docker          1.2.2  
2024-01-08 20:28:21,248 p=483120 u=root n=ansible | community.fortios         1.0.0  
2024-01-08 20:28:21,248 p=483120 u=root n=ansible | community.general         1.3.6  
2024-01-08 20:28:21,248 p=483120 u=root n=ansible | community.google          1.0.0  
2024-01-08 20:28:21,248 p=483120 u=root n=ansible | community.grafana         1.1.0  
2024-01-08 20:28:21,248 p=483120 u=root n=ansible | community.hashi_vault     1.1.0  
2024-01-08 20:28:21,248 p=483120 u=root n=ansible | community.hrobot          1.1.0  
2024-01-08 20:28:21,249 p=483120 u=root n=ansible | community.kubernetes      1.1.1  
2024-01-08 20:28:21,249 p=483120 u=root n=ansible | community.kubevirt        1.0.0  
2024-01-08 20:28:21,249 p=483120 u=root n=ansible | community.libvirt         1.0.0  
2024-01-08 20:28:21,249 p=483120 u=root n=ansible | community.mongodb         1.2.0  
2024-01-08 20:28:21,249 p=483120 u=root n=ansible | community.mysql           1.2.0  
2024-01-08 20:28:21,249 p=483120 u=root n=ansible | community.network         1.3.2  
2024-01-08 20:28:21,249 p=483120 u=root n=ansible | community.okd             1.0.0  
2024-01-08 20:28:21,249 p=483120 u=root n=ansible | community.postgresql      1.1.1  
2024-01-08 20:28:21,249 p=483120 u=root n=ansible | community.proxysql        1.0.0  
2024-01-08 20:28:21,249 p=483120 u=root n=ansible | community.rabbitmq        1.0.1  
2024-01-08 20:28:21,249 p=483120 u=root n=ansible | community.routeros        1.1.0  
2024-01-08 20:28:21,249 p=483120 u=root n=ansible | community.skydive         1.0.0  
2024-01-08 20:28:21,249 p=483120 u=root n=ansible | community.vmware          1.7.0  
2024-01-08 20:28:21,249 p=483120 u=root n=ansible | community.windows         1.3.0  
2024-01-08 20:28:21,250 p=483120 u=root n=ansible | community.zabbix          1.2.0  
2024-01-08 20:28:21,250 p=483120 u=root n=ansible | containers.podman         1.4.1  
2024-01-08 20:28:21,250 p=483120 u=root n=ansible | cyberark.conjur           1.1.0  
2024-01-08 20:28:21,250 p=483120 u=root n=ansible | cyberark.pas              1.0.5  
2024-01-08 20:28:21,250 p=483120 u=root n=ansible | dellemc.os10              1.0.2  
2024-01-08 20:28:21,250 p=483120 u=root n=ansible | dellemc.os6               1.0.6  
2024-01-08 20:28:21,250 p=483120 u=root n=ansible | dellemc.os9               1.0.3  
2024-01-08 20:28:21,250 p=483120 u=root n=ansible | f5networks.f5_modules     1.7.1  
2024-01-08 20:28:21,250 p=483120 u=root n=ansible | fortinet.fortimanager     1.0.5  
2024-01-08 20:28:21,250 p=483120 u=root n=ansible | fortinet.fortios          1.1.8  
2024-01-08 20:28:21,250 p=483120 u=root n=ansible | frr.frr                   1.0.3  
2024-01-08 20:28:21,250 p=483120 u=root n=ansible | gluster.gluster           1.0.1  
2024-01-08 20:28:21,250 p=483120 u=root n=ansible | google.cloud              1.0.2  
2024-01-08 20:28:21,250 p=483120 u=root n=ansible | hetzner.hcloud            1.2.1  
2024-01-08 20:28:21,251 p=483120 u=root n=ansible | ibm.qradar                1.0.3  
2024-01-08 20:28:21,251 p=483120 u=root n=ansible | infinidat.infinibox       1.2.4  
2024-01-08 20:28:21,251 p=483120 u=root n=ansible | junipernetworks.junos     1.3.0  
2024-01-08 20:28:21,251 p=483120 u=root n=ansible | mellanox.onyx             1.0.0  
2024-01-08 20:28:21,251 p=483120 u=root n=ansible | netapp.aws                20.9.0 
2024-01-08 20:28:21,251 p=483120 u=root n=ansible | netapp.elementsw          20.11.0
2024-01-08 20:28:21,251 p=483120 u=root n=ansible | netapp.ontap              20.12.0
2024-01-08 20:28:21,251 p=483120 u=root n=ansible | netapp_eseries.santricity 1.1.0  
2024-01-08 20:28:21,251 p=483120 u=root n=ansible | netbox.netbox             1.2.1  
2024-01-08 20:28:21,251 p=483120 u=root n=ansible | ngine_io.cloudstack       1.2.0  
2024-01-08 20:28:21,251 p=483120 u=root n=ansible | ngine_io.exoscale         1.0.0  
2024-01-08 20:28:21,251 p=483120 u=root n=ansible | ngine_io.vultr            1.1.0  
2024-01-08 20:28:21,251 p=483120 u=root n=ansible | openstack.cloud           1.2.1  
2024-01-08 20:28:21,251 p=483120 u=root n=ansible | openvswitch.openvswitch   1.1.0  
2024-01-08 20:28:21,252 p=483120 u=root n=ansible | ovirt.ovirt               1.3.0  
2024-01-08 20:28:21,252 p=483120 u=root n=ansible | purestorage.flasharray    1.6.2  
2024-01-08 20:28:21,252 p=483120 u=root n=ansible | purestorage.flashblade    1.4.0  
2024-01-08 20:28:21,252 p=483120 u=root n=ansible | servicenow.servicenow     1.0.4  
2024-01-08 20:28:21,252 p=483120 u=root n=ansible | splunk.es                 1.0.2  
2024-01-08 20:28:21,252 p=483120 u=root n=ansible | theforeman.foreman        1.5.1  
2024-01-08 20:28:21,252 p=483120 u=root n=ansible | vyos.vyos                 1.1.1  
2024-01-08 20:28:21,252 p=483120 u=root n=ansible | wti.remote                1.0.1  
2024-01-08 20:29:43,491 p=483233 u=root n=ansible |   hosts (2):
2024-01-08 20:29:43,491 p=483233 u=root n=ansible |     vps3
2024-01-08 20:29:43,492 p=483233 u=root n=ansible |     192.168.0.90
